Arguments: 
  /usr/local/share/nvm/versions/node/v20.12.1/bin/node /usr/share/yarn/bin/yarn.js install

PATH: 
  /opt/git/bin:/opt/conda/condabin:/home/codespace/.dotnet:/home/codespace/nvm/current/bin:/home/codespace/.php/current/bin:/home/codespace/.python/current/bin:/home/codespace/java/current/bin:/home/codespace/.ruby/current/bin:/home/codespace/.local/bin:/usr/local/python/current/bin:/usr/local/py-utils/bin:/usr/local/oryx:/usr/local/go/bin:/go/bin:/usr/local/sdkman/bin:/usr/local/sdkman/candidates/java/current/bin:/usr/local/sdkman/candidates/gradle/current/bin:/usr/local/sdkman/candidates/maven/current/bin:/usr/local/sdkman/candidates/ant/current/bin:/usr/local/rvm/gems/default/bin:/usr/local/rvm/gems/default@global/bin:/usr/local/rvm/rubies/default/bin:/usr/local/share/rbenv/bin:/usr/local/php/current/bin:/opt/conda/bin:/usr/local/nvs:/usr/local/share/nvm/current/bin:/usr/local/hugo/bin:/usr/local/sbin:/usr/local/bin:/usr/sbin:/usr/bin:/sbin:/bin:/usr/share/dotnet:/root/.dotnet/tools:/usr/local/rvm/bin

Yarn version: 
  1.22.19

Node version: 
  20.12.1

Platform: 
  linux x64

Trace: 
  Error: ENOENT: no such file or directory, open '/root/.cache/yarn/v6/npm-chalk-2.4.2-cd42541677a54333cf541a49108c1432b44c9424-integrity/node_modules/chalk/.yarn-tarball.tgz'

npm manifest: 
  {
    "name": "css-assignment-2",
    "version": "1.0.0",
    "description": "",
    "main": "index.html",
    "scripts": {
      "start": "serve"
    },
    "repository": {
      "type": "git",
      "url": "git+https://github.com/codesandbox-app/static-template.git"
    },
    "keywords": [],
    "author": "Ives van Hoorne",
    "license": "MIT",
    "bugs": {
      "url": "https://github.com/codesandbox-app/static-template/issues"
    },
    "homepage": "https://github.com/codesandbox-app/static-template#readme",
    "devDependencies": {
      "serve": "^11.2.0"
    }
  }

yarn manifest: 
  No manifest

Lockfile: 
  No lockfile
